2016-07-15 06:51:16,315 [main] WARN  o.e.r.c.r.p.ProcessableProposalFactory - Error while loading completion proposal class
java.lang.NoClassDefFoundError: org/eclipse/jdt/internal/ui/text/java/LazyPackageCompletionProposal
	at org.eclipse.recommenders.completion.rcp.processable.ProcessableProposalFactory.<clinit>(ProcessableProposalFactory.java:129) ~[org.eclipse.recommenders.completion.rcp_2.1.12.v20150213-0747.jar:na]
	at org.eclipse.recommenders.completion.rcp.processable.IntelligentCompletionProposalComputer.<init>(IntelligentCompletionProposalComputer.java:70) [org.eclipse.recommenders.completion.rcp_2.1.12.v20150213-0747.jar:na]
	at sun.reflect.NativeConstructorAccessorImpl.newInstance0(Native Method) [na:1.7.0_79]
	at sun.reflect.NativeConstructorAccessorImpl.newInstance(Unknown Source) [na:1.7.0_79]
	at sun.reflect.DelegatingConstructorAccessorImpl.newInstance(Unknown Source) [na:1.7.0_79]
	at java.lang.reflect.Constructor.newInstance(Unknown Source) [na:1.7.0_79]
	at com.google.inject.internal.DefaultConstructionProxyFactory$1.newInstance(DefaultConstructionProxyFactory.java:85) [com.google.inject_3.0.0.v201312141243.jar:na]
	at com.google.inject.internal.ConstructorInjector.construct(ConstructorInjector.java:85) [com.google.inject_3.0.0.v201312141243.jar:na]
	at com.google.inject.internal.ConstructorBindingImpl$Factory.get(ConstructorBindingImpl.java:254) [com.google.inject_3.0.0.v201312141243.jar:na]
	at com.google.inject.internal.InjectorImpl$4$1.call(InjectorImpl.java:978) [com.google.inject_3.0.0.v201312141243.jar:na]
	at com.google.inject.internal.InjectorImpl.callInContext(InjectorImpl.java:1024) [com.google.inject_3.0.0.v201312141243.jar:na]
	at com.google.inject.internal.InjectorImpl$4.get(InjectorImpl.java:974) [com.google.inject_3.0.0.v201312141243.jar:na]
	at com.google.inject.internal.InjectorImpl.getInstance(InjectorImpl.java:1013) [com.google.inject_3.0.0.v201312141243.jar:na]
	at org.eclipse.recommenders.injection.ExtensionFactory.loadExtension(ExtensionFactory.java:50) [org.eclipse.recommenders.injection_2.1.12.v20150212-1812.jar:na]
	at org.eclipse.recommenders.injection.ExtensionFactory.create(ExtensionFactory.java:42) [org.eclipse.recommenders.injection_2.1.12.v20150212-1812.jar:na]
	at org.eclipse.core.internal.registry.ConfigurationElement.createExecutableExtension(ConfigurationElement.java:262) [org.eclipse.equinox.registry_3.5.400.v20140428-1507.jar:na]
	at org.eclipse.core.internal.registry.ConfigurationElementHandle.createExecutableExtension(ConfigurationElementHandle.java:55) [org.eclipse.equinox.registry_3.5.400.v20140428-1507.jar:na]
	at org.eclipse.jdt.internal.ui.text.java.CompletionProposalComputerDescriptor.createComputer(CompletionProposalComputerDescriptor.java:293) [org.eclipse.jdt.ui_3.7.2.v20120109-1427.jar:na]
	at org.eclipse.jdt.internal.ui.text.java.CompletionProposalComputerDescriptor.getComputer(CompletionProposalComputerDescriptor.java:260) [org.eclipse.jdt.ui_3.7.2.v20120109-1427.jar:na]
	at org.eclipse.jdt.internal.ui.text.java.CompletionProposalComputerDescriptor.sessionStarted(CompletionProposalComputerDescriptor.java:403) [org.eclipse.jdt.ui_3.7.2.v20120109-1427.jar:na]
	at org.eclipse.jdt.internal.ui.text.java.CompletionProposalCategory.sessionStarted(CompletionProposalCategory.java:316) [org.eclipse.jdt.ui_3.7.2.v20120109-1427.jar:na]
	at org.eclipse.jdt.internal.ui.text.java.ContentAssistProcessor$CompletionListener.assistSessionStarted(ContentAssistProcessor.java:113) [org.eclipse.jdt.ui_3.7.2.v20120109-1427.jar:na]
	at org.eclipse.jface.text.contentassist.ContentAssistant.fireSessionBeginEvent(ContentAssistant.java:2362) [org.eclipse.jface.text_3.9.2.v20141003-1326.jar:na]
	at org.eclipse.jface.text.contentassist.ContentAssistant.prepareToShowCompletions(ContentAssistant.java:1751) [org.eclipse.jface.text_3.9.2.v20141003-1326.jar:na]
	at org.eclipse.jface.text.contentassist.ContentAssistant.showPossibleCompletions(ContentAssistant.java:1716) [org.eclipse.jface.text_3.9.2.v20141003-1326.jar:na]
	at org.eclipse.jdt.internal.ui.javaeditor.CompilationUnitEditor$AdaptedSourceViewer.doOperation(CompilationUnitEditor.java:183) [org.eclipse.jdt.ui_3.7.2.v20120109-1427.jar:na]
	at org.eclipse.ui.texteditor.ContentAssistAction$1.run(ContentAssistAction.java:82) [org.eclipse.ui.workbench.texteditor_3.9.0.v20140411-1521.jar:na]
	at org.eclipse.swt.custom.BusyIndicator.showWhile(BusyIndicator.java:70) [org.eclipse.swt.win32.win32.x86_64_3.103.2.v20150203-1351.jar:na]
	at org.eclipse.ui.texteditor.ContentAssistAction.run(ContentAssistAction.java:80) [org.eclipse.ui.workbench.texteditor_3.9.0.v20140411-1521.jar:na]
	at org.eclipse.jface.action.Action.runWithEvent(Action.java:519) [org.eclipse.jface_3.10.2.v20141021-1035.jar:na]
	at org.eclipse.jface.commands.ActionHandler.execute(ActionHandler.java:122) [org.eclipse.jface_3.10.2.v20141021-1035.jar:na]
	at org.eclipse.ui.internal.handlers.E4HandlerProxy.execute(E4HandlerProxy.java:90) [org.eclipse.ui.workbench_3.106.2.v20150204-1030.jar:na]
	at sun.reflect.NativeMethodAccessorImpl.invoke0(Native Method) ~[na:1.7.0_79]
	at sun.reflect.NativeMethodAccessorImpl.invoke(Unknown Source) ~[na:1.7.0_79]
	at sun.reflect.DelegatingMethodAccessorImpl.invoke(Unknown Source) ~[na:1.7.0_79]
	at java.lang.reflect.Method.invoke(Unknown Source) ~[na:1.7.0_79]
	at org.eclipse.e4.core.internal.di.MethodRequestor.execute(MethodRequestor.java:55) [org.eclipse.e4.core.di_1.4.0.v20140414-1837.jar:na]
	at org.eclipse.e4.core.internal.di.InjectorImpl.invokeUsingClass(InjectorImpl.java:247) [org.eclipse.e4.core.di_1.4.0.v20140414-1837.jar:na]
	at org.eclipse.e4.core.internal.di.InjectorImpl.invoke(InjectorImpl.java:229) [org.eclipse.e4.core.di_1.4.0.v20140414-1837.jar:na]
	at org.eclipse.e4.core.contexts.ContextInjectionFactory.invoke(ContextInjectionFactory.java:132) [org.eclipse.e4.core.contexts_1.3.100.v20140407-1019.jar:na]
	at org.eclipse.e4.core.commands.internal.HandlerServiceHandler.execute(HandlerServiceHandler.java:149) [org.eclipse.e4.core.commands_0.10.2.v20140424-2344.jar:na]
	at org.eclipse.core.commands.Command.executeWithChecks(Command.java:499) [org.eclipse.core.commands_3.6.100.v20140528-1422.jar:na]
	at org.eclipse.core.commands.ParameterizedCommand.executeWithChecks(ParameterizedCommand.java:508) [org.eclipse.core.commands_3.6.100.v20140528-1422.jar:na]
	at org.eclipse.e4.core.commands.internal.HandlerServiceImpl.executeHandler(HandlerServiceImpl.java:210) [org.eclipse.e4.core.commands_0.10.2.v20140424-2344.jar:na]
	at org.eclipse.e4.ui.bindings.keys.KeyBindingDispatcher.executeCommand(KeyBindingDispatcher.java:286) [org.eclipse.e4.ui.bindings_0.10.200.v20140424-2042.jar:na]
	at org.eclipse.e4.ui.bindings.keys.KeyBindingDispatcher.press(KeyBindingDispatcher.java:507) [org.eclipse.e4.ui.bindings_0.10.200.v20140424-2042.jar:na]
	at org.eclipse.e4.ui.bindings.keys.KeyBindingDispatcher.processKeyEvent(KeyBindingDispatcher.java:558) [org.eclipse.e4.ui.bindings_0.10.200.v20140424-2042.jar:na]
	at org.eclipse.e4.ui.bindings.keys.KeyBindingDispatcher.filterKeySequenceBindings(KeyBindingDispatcher.java:378) [org.eclipse.e4.ui.bindings_0.10.200.v20140424-2042.jar:na]
	at org.eclipse.e4.ui.bindings.keys.KeyBindingDispatcher.access$0(KeyBindingDispatcher.java:324) [org.eclipse.e4.ui.bindings_0.10.200.v20140424-2042.jar:na]
	at org.eclipse.e4.ui.bindings.keys.KeyBindingDispatcher$KeyDownFilter.handleEvent(KeyBindingDispatcher.java:86) [org.eclipse.e4.ui.bindings_0.10.200.v20140424-2042.jar:na]
	at org.eclipse.swt.widgets.EventTable.sendEvent(EventTable.java:84) [org.eclipse.swt.win32.win32.x86_64_3.103.2.v20150203-1351.jar:na]
	at org.eclipse.swt.widgets.Display.filterEvent(Display.java:1262) [org.eclipse.swt.win32.win32.x86_64_3.103.2.v20150203-1351.jar:na]
	at org.eclipse.swt.widgets.Widget.sendEvent(Widget.java:1060) [org.eclipse.swt.win32.win32.x86_64_3.103.2.v20150203-1351.jar:na]
	at org.eclipse.swt.widgets.Widget.sendEvent(Widget.java:1085) [org.eclipse.swt.win32.win32.x86_64_3.103.2.v20150203-1351.jar:na]
	at org.eclipse.swt.widgets.Widget.sendEvent(Widget.java:1070) [org.eclipse.swt.win32.win32.x86_64_3.103.2.v20150203-1351.jar:na]
	at org.eclipse.swt.widgets.Widget.sendKeyEvent(Widget.java:1112) [org.eclipse.swt.win32.win32.x86_64_3.103.2.v20150203-1351.jar:na]
	at org.eclipse.swt.widgets.Widget.sendKeyEvent(Widget.java:1108) [org.eclipse.swt.win32.win32.x86_64_3.103.2.v20150203-1351.jar:na]
	at org.eclipse.swt.widgets.Widget.wmChar(Widget.java:1529) [org.eclipse.swt.win32.win32.x86_64_3.103.2.v20150203-1351.jar:na]
	at org.eclipse.swt.widgets.Control.WM_CHAR(Control.java:4722) [org.eclipse.swt.win32.win32.x86_64_3.103.2.v20150203-1351.jar:na]
	at org.eclipse.swt.widgets.Canvas.WM_CHAR(Canvas.java:343) [org.eclipse.swt.win32.win32.x86_64_3.103.2.v20150203-1351.jar:na]
	at org.eclipse.swt.widgets.Control.windowProc(Control.java:4610) [org.eclipse.swt.win32.win32.x86_64_3.103.2.v20150203-1351.jar:na]
	at org.eclipse.swt.widgets.Canvas.windowProc(Canvas.java:339) [org.eclipse.swt.win32.win32.x86_64_3.103.2.v20150203-1351.jar:na]
	at org.eclipse.swt.widgets.Display.windowProc(Display.java:5023) [org.eclipse.swt.win32.win32.x86_64_3.103.2.v20150203-1351.jar:na]
	at org.eclipse.swt.internal.win32.OS.DispatchMessageW(Native Method) [org.eclipse.swt.win32.win32.x86_64_3.103.2.v20150203-1351.jar:na]
	at org.eclipse.swt.internal.win32.OS.DispatchMessage(OS.java:2549) [org.eclipse.swt.win32.win32.x86_64_3.103.2.v20150203-1351.jar:na]
	at org.eclipse.swt.widgets.Display.readAndDispatch(Display.java:3759) [org.eclipse.swt.win32.win32.x86_64_3.103.2.v20150203-1351.jar:na]
	at org.eclipse.e4.ui.internal.workbench.swt.PartRenderingEngine$9.run(PartRenderingEngine.java:1151) [org.eclipse.e4.ui.workbench.swt_0.12.100.v20141126-1150.jar:na]
	at org.eclipse.core.databinding.observable.Realm.runWithDefault(Realm.java:332) [org.eclipse.core.databinding.observable_1.4.1.v20140210-1835.jar:na]
	at org.eclipse.e4.ui.internal.workbench.swt.PartRenderingEngine.run(PartRenderingEngine.java:1032) [org.eclipse.e4.ui.workbench.swt_0.12.100.v20141126-1150.jar:na]
	at org.eclipse.e4.ui.internal.workbench.E4Workbench.createAndRunUI(E4Workbench.java:148) [org.eclipse.e4.ui.workbench_1.2.2.v20141212-1259.jar:na]
	at org.eclipse.ui.internal.Workbench$5.run(Workbench.java:636) [org.eclipse.ui.workbench_3.106.2.v20150204-1030.jar:na]
	at org.eclipse.core.databinding.observable.Realm.runWithDefault(Realm.java:332) [org.eclipse.core.databinding.observable_1.4.1.v20140210-1835.jar:na]
	at org.eclipse.ui.internal.Workbench.createAndRunWorkbench(Workbench.java:579) [org.eclipse.ui.workbench_3.106.2.v20150204-1030.jar:na]
	at org.eclipse.ui.PlatformUI.createAndRunWorkbench(PlatformUI.java:150) [org.eclipse.ui.workbench_3.106.2.v20150204-1030.jar:na]
	at org.eclipse.ui.internal.ide.application.IDEApplication.start(IDEApplication.java:135) [org.eclipse.ui.ide.application_1.0.501.v20141111-1238.jar:na]
	at org.eclipse.equinox.internal.app.EclipseAppHandle.run(EclipseAppHandle.java:196) [org.eclipse.equinox.app_1.3.200.v20130910-1609.jar:na]
	at org.eclipse.core.runtime.internal.adaptor.EclipseAppLauncher.runApplication(EclipseAppLauncher.java:134) [org.eclipse.osgi_3.10.2.v20150203-1939.jar:na]
	at org.eclipse.core.runtime.internal.adaptor.EclipseAppLauncher.start(EclipseAppLauncher.java:104) [org.eclipse.osgi_3.10.2.v20150203-1939.jar:na]
	at org.eclipse.core.runtime.adaptor.EclipseStarter.run(EclipseStarter.java:380) [org.eclipse.osgi_3.10.2.v20150203-1939.jar:na]
	at org.eclipse.core.runtime.adaptor.EclipseStarter.run(EclipseStarter.java:235) [org.eclipse.osgi_3.10.2.v20150203-1939.jar:na]
	at sun.reflect.NativeMethodAccessorImpl.invoke0(Native Method) ~[na:1.7.0_79]
	at sun.reflect.NativeMethodAccessorImpl.invoke(Unknown Source) ~[na:1.7.0_79]
	at sun.reflect.DelegatingMethodAccessorImpl.invoke(Unknown Source) ~[na:1.7.0_79]
	at java.lang.reflect.Method.invoke(Unknown Source) ~[na:1.7.0_79]
	at org.eclipse.equinox.launcher.Main.invokeFramework(Main.java:648) [org.eclipse.equinox.launcher_1.3.0.v20140415-2008.jar:na]
	at org.eclipse.equinox.launcher.Main.basicRun(Main.java:603) [org.eclipse.equinox.launcher_1.3.0.v20140415-2008.jar:na]
	at org.eclipse.equinox.launcher.Main.run(Main.java:1465) [org.eclipse.equinox.launcher_1.3.0.v20140415-2008.jar:na]
	at org.eclipse.equinox.launcher.Main.main(Main.java:1438) [org.eclipse.equinox.launcher_1.3.0.v20140415-2008.jar:na]
Caused by: java.lang.ClassNotFoundException: org.eclipse.jdt.internal.ui.text.java.LazyPackageCompletionProposal cannot be found by org.eclipse.recommenders.completion.rcp_2.1.12.v20150213-0747
	at org.eclipse.osgi.internal.loader.BundleLoader.findClassInternal(BundleLoader.java:432) ~[org.eclipse.osgi_3.10.2.v20150203-1939.jar:na]
	at org.eclipse.osgi.internal.loader.BundleLoader.findClass(BundleLoader.java:345) ~[org.eclipse.osgi_3.10.2.v20150203-1939.jar:na]
	at org.eclipse.osgi.internal.loader.BundleLoader.findClass(BundleLoader.java:337) ~[org.eclipse.osgi_3.10.2.v20150203-1939.jar:na]
	at org.eclipse.osgi.internal.loader.ModuleClassLoader.loadClass(ModuleClassLoader.java:160) ~[org.eclipse.osgi_3.10.2.v20150203-1939.jar:na]
	at java.lang.ClassLoader.loadClass(Unknown Source) ~[na:1.7.0_79]
	... 88 common frames omitted
2016-08-05 08:17:54,659 [Worker-11] INFO  o.e.m.c.i.e.AbstractTransferListenerAdapter - Downloading http://repo.maven.apache.org/maven2/org/seleniumhq/selenium/selenium-server/2.53.1/selenium-server-2.53.1.pom
2016-08-05 08:17:55,320 [Worker-11] INFO  o.e.m.c.i.e.AbstractTransferListenerAdapter - Downloaded http://repo.maven.apache.org/maven2/org/seleniumhq/selenium/selenium-server/2.53.1/selenium-server-2.53.1.pom
2016-08-05 08:17:55,645 [Worker-11] INFO  o.e.m.c.i.e.AbstractTransferListenerAdapter - Downloading http://repo.maven.apache.org/maven2/org/seleniumhq/selenium/selenium-parent/2.53.1/selenium-parent-2.53.1.pom
2016-08-05 08:17:56,182 [Worker-11] INFO  o.e.m.c.i.e.AbstractTransferListenerAdapter - Downloaded http://repo.maven.apache.org/maven2/org/seleniumhq/selenium/selenium-parent/2.53.1/selenium-parent-2.53.1.pom
2016-08-05 08:17:56,509 [Worker-11] INFO  o.e.m.c.i.e.AbstractTransferListenerAdapter - Downloading http://repo.maven.apache.org/maven2/com/beust/jcommander/1.48/jcommander-1.48.pom
2016-08-05 08:17:57,043 [Worker-11] INFO  o.e.m.c.i.e.AbstractTransferListenerAdapter - Downloaded http://repo.maven.apache.org/maven2/com/beust/jcommander/1.48/jcommander-1.48.pom
2016-08-05 08:17:57,321 [Worker-11] INFO  o.e.m.c.i.e.AbstractTransferListenerAdapter - Downloading http://repo.maven.apache.org/maven2/org/sonatype/oss/oss-parent/3/oss-parent-3.pom
2016-08-05 08:17:57,858 [Worker-11] INFO  o.e.m.c.i.e.AbstractTransferListenerAdapter - Downloaded http://repo.maven.apache.org/maven2/org/sonatype/oss/oss-parent/3/oss-parent-3.pom
2016-08-05 08:17:58,154 [Worker-11] INFO  o.e.m.c.i.e.AbstractTransferListenerAdapter - Downloading http://repo.maven.apache.org/maven2/org/bouncycastle/bcprov-jdk15on/1.48/bcprov-jdk15on-1.48.pom
2016-08-05 08:17:58,647 [Worker-11] INFO  o.e.m.c.i.e.AbstractTransferListenerAdapter - Downloaded http://repo.maven.apache.org/maven2/org/bouncycastle/bcprov-jdk15on/1.48/bcprov-jdk15on-1.48.pom
2016-08-05 08:17:58,931 [Worker-11] INFO  o.e.m.c.i.e.AbstractTransferListenerAdapter - Downloading http://repo.maven.apache.org/maven2/org/bouncycastle/bcpkix-jdk15on/1.48/bcpkix-jdk15on-1.48.pom
2016-08-05 08:17:59,448 [Worker-11] INFO  o.e.m.c.i.e.AbstractTransferListenerAdapter - Downloaded http://repo.maven.apache.org/maven2/org/bouncycastle/bcpkix-jdk15on/1.48/bcpkix-jdk15on-1.48.pom
2016-08-05 08:17:59,732 [Worker-11] INFO  o.e.m.c.i.e.AbstractTransferListenerAdapter - Downloading http://repo.maven.apache.org/maven2/mx4j/mx4j-tools/3.0.1/mx4j-tools-3.0.1.pom
2016-08-05 08:18:00,237 [Worker-11] INFO  o.e.m.c.i.e.AbstractTransferListenerAdapter - Downloaded http://repo.maven.apache.org/maven2/mx4j/mx4j-tools/3.0.1/mx4j-tools-3.0.1.pom
2016-08-05 08:18:00,520 [Worker-11] INFO  o.e.m.c.i.e.AbstractTransferListenerAdapter - Downloading http://repo.maven.apache.org/maven2/org/seleniumhq/selenium/jetty-repacked/9.2.13.v20150730/jetty-repacked-9.2.13.v20150730.pom
2016-08-05 08:18:01,018 [Worker-11] INFO  o.e.m.c.i.e.AbstractTransferListenerAdapter - Downloaded http://repo.maven.apache.org/maven2/org/seleniumhq/selenium/jetty-repacked/9.2.13.v20150730/jetty-repacked-9.2.13.v20150730.pom
2016-08-05 08:18:01,431 [Worker-11] INFO  o.e.m.c.i.e.AbstractTransferListenerAdapter - Downloading http://repo.maven.apache.org/maven2/javax/servlet/javax.servlet-api/3.1.0/javax.servlet-api-3.1.0.pom
2016-08-05 08:18:02,004 [Worker-11] INFO  o.e.m.c.i.e.AbstractTransferListenerAdapter - Downloaded http://repo.maven.apache.org/maven2/javax/servlet/javax.servlet-api/3.1.0/javax.servlet-api-3.1.0.pom
2016-08-05 08:18:02,281 [Worker-11] INFO  o.e.m.c.i.e.AbstractTransferListenerAdapter - Downloading http://repo.maven.apache.org/maven2/net/java/jvnet-parent/3/jvnet-parent-3.pom
2016-08-05 08:18:02,842 [Worker-11] INFO  o.e.m.c.i.e.AbstractTransferListenerAdapter - Downloaded http://repo.maven.apache.org/maven2/net/java/jvnet-parent/3/jvnet-parent-3.pom
2016-08-05 08:18:03,146 [Worker-11] INFO  o.e.m.c.i.e.AbstractTransferListenerAdapter - Downloading http://repo.maven.apache.org/maven2/org/seleniumhq/selenium/jetty-rc-repacked/5/jetty-rc-repacked-5.pom
2016-08-05 08:18:03,763 [Worker-11] INFO  o.e.m.c.i.e.AbstractTransferListenerAdapter - Downloaded http://repo.maven.apache.org/maven2/org/seleniumhq/selenium/jetty-rc-repacked/5/jetty-rc-repacked-5.pom
2016-08-05 08:18:04,050 [Worker-11] INFO  o.e.m.c.i.e.AbstractTransferListenerAdapter - Downloading http://repo.maven.apache.org/maven2/net/jcip/jcip-annotations/1.0/jcip-annotations-1.0.pom
2016-08-05 08:18:04,571 [Worker-11] INFO  o.e.m.c.i.e.AbstractTransferListenerAdapter - Downloaded http://repo.maven.apache.org/maven2/net/jcip/jcip-annotations/1.0/jcip-annotations-1.0.pom
2016-08-05 08:18:04,893 [Worker-11] INFO  o.e.m.c.i.e.AbstractTransferListenerAdapter - Downloading http://repo.maven.apache.org/maven2/org/seleniumhq/selenium/selenium-java/2.53.1/selenium-java-2.53.1.pom
2016-08-05 08:18:05,473 [Worker-11] INFO  o.e.m.c.i.e.AbstractTransferListenerAdapter - Downloaded http://repo.maven.apache.org/maven2/org/seleniumhq/selenium/selenium-java/2.53.1/selenium-java-2.53.1.pom
2016-08-05 08:18:05,787 [Worker-11] INFO  o.e.m.c.i.e.AbstractTransferListenerAdapter - Downloading http://repo.maven.apache.org/maven2/org/seleniumhq/selenium/selenium-chrome-driver/2.53.1/selenium-chrome-driver-2.53.1.pom
2016-08-05 08:18:06,303 [Worker-11] INFO  o.e.m.c.i.e.AbstractTransferListenerAdapter - Downloaded http://repo.maven.apache.org/maven2/org/seleniumhq/selenium/selenium-chrome-driver/2.53.1/selenium-chrome-driver-2.53.1.pom
2016-08-05 08:18:06,632 [Worker-11] INFO  o.e.m.c.i.e.AbstractTransferListenerAdapter - Downloading http://repo.maven.apache.org/maven2/org/seleniumhq/selenium/selenium-remote-driver/2.53.1/selenium-remote-driver-2.53.1.pom
2016-08-05 08:18:07,142 [Worker-11] INFO  o.e.m.c.i.e.AbstractTransferListenerAdapter - Downloaded http://repo.maven.apache.org/maven2/org/seleniumhq/selenium/selenium-remote-driver/2.53.1/selenium-remote-driver-2.53.1.pom
2016-08-05 08:18:07,445 [Worker-11] INFO  o.e.m.c.i.e.AbstractTransferListenerAdapter - Downloading http://repo.maven.apache.org/maven2/cglib/cglib-nodep/2.1_3/cglib-nodep-2.1_3.pom
2016-08-05 08:18:07,950 [Worker-11] INFO  o.e.m.c.i.e.AbstractTransferListenerAdapter - Downloaded http://repo.maven.apache.org/maven2/cglib/cglib-nodep/2.1_3/cglib-nodep-2.1_3.pom
2016-08-05 08:18:08,243 [Worker-11] INFO  o.e.m.c.i.e.AbstractTransferListenerAdapter - Downloading http://repo.maven.apache.org/maven2/com/google/code/gson/gson/2.3.1/gson-2.3.1.pom
2016-08-05 08:18:08,761 [Worker-11] INFO  o.e.m.c.i.e.AbstractTransferListenerAdapter - Downloaded http://repo.maven.apache.org/maven2/com/google/code/gson/gson/2.3.1/gson-2.3.1.pom
2016-08-05 08:18:09,040 [Worker-11] INFO  o.e.m.c.i.e.AbstractTransferListenerAdapter - Downloading http://repo.maven.apache.org/maven2/org/sonatype/oss/oss-parent/9/oss-parent-9.pom
2016-08-05 08:18:09,558 [Worker-11] INFO  o.e.m.c.i.e.AbstractTransferListenerAdapter - Downloaded http://repo.maven.apache.org/maven2/org/sonatype/oss/oss-parent/9/oss-parent-9.pom
2016-08-05 08:18:09,846 [Worker-11] INFO  o.e.m.c.i.e.AbstractTransferListenerAdapter - Downloading http://repo.maven.apache.org/maven2/org/seleniumhq/selenium/selenium-api/2.53.1/selenium-api-2.53.1.pom
2016-08-05 08:18:10,375 [Worker-11] INFO  o.e.m.c.i.e.AbstractTransferListenerAdapter - Downloaded http://repo.maven.apache.org/maven2/org/seleniumhq/selenium/selenium-api/2.53.1/selenium-api-2.53.1.pom
2016-08-05 08:18:10,667 [Worker-11] INFO  o.e.m.c.i.e.AbstractTransferListenerAdapter - Downloading http://repo.maven.apache.org/maven2/com/google/guava/guava/19.0/guava-19.0.pom
2016-08-05 08:18:11,205 [Worker-11] INFO  o.e.m.c.i.e.AbstractTransferListenerAdapter - Downloaded http://repo.maven.apache.org/maven2/com/google/guava/guava/19.0/guava-19.0.pom
2016-08-05 08:18:11,501 [Worker-11] INFO  o.e.m.c.i.e.AbstractTransferListenerAdapter - Downloading http://repo.maven.apache.org/maven2/com/google/guava/guava-parent/19.0/guava-parent-19.0.pom
2016-08-05 08:18:12,049 [Worker-11] INFO  o.e.m.c.i.e.AbstractTransferListenerAdapter - Downloaded http://repo.maven.apache.org/maven2/com/google/guava/guava-parent/19.0/guava-parent-19.0.pom
2016-08-05 08:18:12,362 [Worker-11] ERROR o.e.m2e.editor.pom.MavenPomEditor - failed to load maven project for org.eclipse.ui.part.FileEditorInput(/maven/pom.xml)
org.eclipse.core.runtime.CoreException: Could not read maven project
	at org.eclipse.m2e.core.internal.project.registry.ProjectRegistryManager.readProjectWithDependencies(ProjectRegistryManager.java:768) ~[na:na]
	at org.eclipse.m2e.core.internal.project.registry.ProjectRegistryManager$6.call(ProjectRegistryManager.java:956) ~[na:na]
	at org.eclipse.m2e.core.internal.project.registry.ProjectRegistryManager$6.call(ProjectRegistryManager.java:1) ~[na:na]
	at com.google.common.cache.LocalCache$LocalManualCache$1.load(LocalCache.java:4724) ~[na:na]
	at com.google.common.cache.LocalCache$LoadingValueReference.loadFuture(LocalCache.java:3522) ~[na:na]
	at com.google.common.cache.LocalCache$Segment.loadSync(LocalCache.java:2315) ~[na:na]
	at com.google.common.cache.LocalCache$Segment.lockedGetOrLoad(LocalCache.java:2278) ~[na:na]
	at com.google.common.cache.LocalCache$Segment.get(LocalCache.java:2193) ~[na:na]
	at com.google.common.cache.LocalCache.get(LocalCache.java:3932) ~[na:na]
	at com.google.common.cache.LocalCache$LocalManualCache.get(LocalCache.java:4721) ~[na:na]
	at org.eclipse.m2e.core.internal.project.registry.ProjectRegistryManager.getMavenProject(ProjectRegistryManager.java:954) ~[na:na]
	at org.eclipse.m2e.core.internal.project.registry.MavenProjectFacade.getMavenProject(MavenProjectFacade.java:242) ~[na:na]
	at org.eclipse.m2e.core.ui.internal.actions.SelectionUtil.getMavenProject(SelectionUtil.java:261) ~[org.eclipse.m2e.core.ui_1.5.1.20150109-1820.jar:na]
	at org.eclipse.m2e.editor.pom.MavenPomEditor.readMavenProject(MavenPomEditor.java:753) ~[na:na]
	at org.eclipse.m2e.editor.pom.MavenPomEditor$6.run(MavenPomEditor.java:1073) ~[na:na]
	at org.eclipse.core.internal.jobs.Worker.run(Worker.java:54) [org.eclipse.core.jobs_3.6.1.v20141014-1248.jar:na]
2016-08-21 13:27:47,814 [Worker-9] INFO  o.e.m.c.i.e.AbstractTransferListenerAdapter - Downloading http://repo.maven.apache.org/maven2/org/seleniumhq/selenium/selenium-server/2.53.1/selenium-server-2.53.1.pom
2016-08-21 13:27:48,266 [Worker-9] INFO  o.e.m.c.i.e.AbstractTransferListenerAdapter - Downloaded http://repo.maven.apache.org/maven2/org/seleniumhq/selenium/selenium-server/2.53.1/selenium-server-2.53.1.pom
2016-08-21 13:27:48,524 [Worker-9] INFO  o.e.m.c.i.e.AbstractTransferListenerAdapter - Downloading http://repo.maven.apache.org/maven2/org/seleniumhq/selenium/selenium-parent/2.53.1/selenium-parent-2.53.1.pom
2016-08-21 13:27:49,014 [Worker-9] INFO  o.e.m.c.i.e.AbstractTransferListenerAdapter - Downloaded http://repo.maven.apache.org/maven2/org/seleniumhq/selenium/selenium-parent/2.53.1/selenium-parent-2.53.1.pom
2016-08-21 13:27:49,233 [Worker-9] INFO  o.e.m.c.i.e.AbstractTransferListenerAdapter - Downloading http://repo.maven.apache.org/maven2/com/beust/jcommander/1.48/jcommander-1.48.pom
2016-08-21 13:27:49,607 [Worker-9] INFO  o.e.m.c.i.e.AbstractTransferListenerAdapter - Downloaded http://repo.maven.apache.org/maven2/com/beust/jcommander/1.48/jcommander-1.48.pom
2016-08-21 13:27:49,788 [Worker-9] INFO  o.e.m.c.i.e.AbstractTransferListenerAdapter - Downloading http://repo.maven.apache.org/maven2/org/sonatype/oss/oss-parent/3/oss-parent-3.pom
2016-08-21 13:27:50,196 [Worker-9] INFO  o.e.m.c.i.e.AbstractTransferListenerAdapter - Downloaded http://repo.maven.apache.org/maven2/org/sonatype/oss/oss-parent/3/oss-parent-3.pom
2016-08-21 13:27:50,421 [Worker-9] INFO  o.e.m.c.i.e.AbstractTransferListenerAdapter - Downloading http://repo.maven.apache.org/maven2/org/bouncycastle/bcprov-jdk15on/1.48/bcprov-jdk15on-1.48.pom
2016-08-21 13:27:50,789 [Worker-9] INFO  o.e.m.c.i.e.AbstractTransferListenerAdapter - Downloaded http://repo.maven.apache.org/maven2/org/bouncycastle/bcprov-jdk15on/1.48/bcprov-jdk15on-1.48.pom
2016-08-21 13:27:51,025 [Worker-9] INFO  o.e.m.c.i.e.AbstractTransferListenerAdapter - Downloading http://repo.maven.apache.org/maven2/org/bouncycastle/bcpkix-jdk15on/1.48/bcpkix-jdk15on-1.48.pom
2016-08-21 13:27:51,358 [Worker-9] INFO  o.e.m.c.i.e.AbstractTransferListenerAdapter - Downloaded http://repo.maven.apache.org/maven2/org/bouncycastle/bcpkix-jdk15on/1.48/bcpkix-jdk15on-1.48.pom
2016-08-21 13:27:51,571 [Worker-9] INFO  o.e.m.c.i.e.AbstractTransferListenerAdapter - Downloading http://repo.maven.apache.org/maven2/mx4j/mx4j-tools/3.0.1/mx4j-tools-3.0.1.pom
2016-08-21 13:27:51,933 [Worker-9] INFO  o.e.m.c.i.e.AbstractTransferListenerAdapter - Downloaded http://repo.maven.apache.org/maven2/mx4j/mx4j-tools/3.0.1/mx4j-tools-3.0.1.pom
2016-08-21 13:27:52,127 [Worker-9] INFO  o.e.m.c.i.e.AbstractTransferListenerAdapter - Downloading http://repo.maven.apache.org/maven2/org/seleniumhq/selenium/jetty-repacked/9.2.13.v20150730/jetty-repacked-9.2.13.v20150730.pom
2016-08-21 13:27:52,465 [Worker-9] INFO  o.e.m.c.i.e.AbstractTransferListenerAdapter - Downloaded http://repo.maven.apache.org/maven2/org/seleniumhq/selenium/jetty-repacked/9.2.13.v20150730/jetty-repacked-9.2.13.v20150730.pom
2016-08-21 13:27:52,662 [Worker-9] INFO  o.e.m.c.i.e.AbstractTransferListenerAdapter - Downloading http://repo.maven.apache.org/maven2/javax/servlet/javax.servlet-api/3.1.0/javax.servlet-api-3.1.0.pom
2016-08-21 13:27:53,079 [Worker-9] INFO  o.e.m.c.i.e.AbstractTransferListenerAdapter - Downloaded http://repo.maven.apache.org/maven2/javax/servlet/javax.servlet-api/3.1.0/javax.servlet-api-3.1.0.pom
2016-08-21 13:27:53,278 [Worker-9] INFO  o.e.m.c.i.e.AbstractTransferListenerAdapter - Downloading http://repo.maven.apache.org/maven2/net/java/jvnet-parent/3/jvnet-parent-3.pom
2016-08-21 13:27:53,636 [Worker-9] INFO  o.e.m.c.i.e.AbstractTransferListenerAdapter - Downloaded http://repo.maven.apache.org/maven2/net/java/jvnet-parent/3/jvnet-parent-3.pom
2016-08-21 13:27:53,953 [Worker-9] INFO  o.e.m.c.i.e.AbstractTransferListenerAdapter - Downloading http://repo.maven.apache.org/maven2/org/seleniumhq/selenium/jetty-rc-repacked/5/jetty-rc-repacked-5.pom
2016-08-21 13:27:54,447 [Worker-9] INFO  o.e.m.c.i.e.AbstractTransferListenerAdapter - Downloaded http://repo.maven.apache.org/maven2/org/seleniumhq/selenium/jetty-rc-repacked/5/jetty-rc-repacked-5.pom
2016-08-21 13:27:54,642 [Worker-9] INFO  o.e.m.c.i.e.AbstractTransferListenerAdapter - Downloading http://repo.maven.apache.org/maven2/net/jcip/jcip-annotations/1.0/jcip-annotations-1.0.pom
2016-08-21 13:27:55,005 [Worker-9] INFO  o.e.m.c.i.e.AbstractTransferListenerAdapter - Downloaded http://repo.maven.apache.org/maven2/net/jcip/jcip-annotations/1.0/jcip-annotations-1.0.pom
2016-08-21 13:27:55,204 [Worker-9] INFO  o.e.m.c.i.e.AbstractTransferListenerAdapter - Downloading http://repo.maven.apache.org/maven2/org/seleniumhq/selenium/selenium-java/2.53.1/selenium-java-2.53.1.pom
2016-08-21 13:27:55,567 [Worker-9] INFO  o.e.m.c.i.e.AbstractTransferListenerAdapter - Downloaded http://repo.maven.apache.org/maven2/org/seleniumhq/selenium/selenium-java/2.53.1/selenium-java-2.53.1.pom
2016-08-21 13:27:55,798 [Worker-9] INFO  o.e.m.c.i.e.AbstractTransferListenerAdapter - Downloading http://repo.maven.apache.org/maven2/org/seleniumhq/selenium/selenium-chrome-driver/2.53.1/selenium-chrome-driver-2.53.1.pom
2016-08-21 13:27:56,192 [Worker-9] INFO  o.e.m.c.i.e.AbstractTransferListenerAdapter - Downloaded http://repo.maven.apache.org/maven2/org/seleniumhq/selenium/selenium-chrome-driver/2.53.1/selenium-chrome-driver-2.53.1.pom
2016-08-21 13:27:56,384 [Worker-9] INFO  o.e.m.c.i.e.AbstractTransferListenerAdapter - Downloading http://repo.maven.apache.org/maven2/org/seleniumhq/selenium/selenium-remote-driver/2.53.1/selenium-remote-driver-2.53.1.pom
2016-08-21 13:27:56,734 [Worker-9] INFO  o.e.m.c.i.e.AbstractTransferListenerAdapter - Downloaded http://repo.maven.apache.org/maven2/org/seleniumhq/selenium/selenium-remote-driver/2.53.1/selenium-remote-driver-2.53.1.pom
2016-08-21 13:27:56,938 [Worker-9] INFO  o.e.m.c.i.e.AbstractTransferListenerAdapter - Downloading http://repo.maven.apache.org/maven2/cglib/cglib-nodep/2.1_3/cglib-nodep-2.1_3.pom
2016-08-21 13:27:57,375 [Worker-9] INFO  o.e.m.c.i.e.AbstractTransferListenerAdapter - Downloaded http://repo.maven.apache.org/maven2/cglib/cglib-nodep/2.1_3/cglib-nodep-2.1_3.pom
2016-08-21 13:27:57,572 [Worker-9] INFO  o.e.m.c.i.e.AbstractTransferListenerAdapter - Downloading http://repo.maven.apache.org/maven2/com/google/code/gson/gson/2.3.1/gson-2.3.1.pom
2016-08-21 13:27:57,936 [Worker-9] INFO  o.e.m.c.i.e.AbstractTransferListenerAdapter - Downloaded http://repo.maven.apache.org/maven2/com/google/code/gson/gson/2.3.1/gson-2.3.1.pom
2016-08-21 13:27:58,142 [Worker-9] INFO  o.e.m.c.i.e.AbstractTransferListenerAdapter - Downloading http://repo.maven.apache.org/maven2/org/sonatype/oss/oss-parent/9/oss-parent-9.pom
2016-08-21 13:27:58,550 [Worker-9] INFO  o.e.m.c.i.e.AbstractTransferListenerAdapter - Downloaded http://repo.maven.apache.org/maven2/org/sonatype/oss/oss-parent/9/oss-parent-9.pom
2016-08-21 13:27:58,777 [Worker-9] INFO  o.e.m.c.i.e.AbstractTransferListenerAdapter - Downloading http://repo.maven.apache.org/maven2/org/seleniumhq/selenium/selenium-api/2.53.1/selenium-api-2.53.1.pom
2016-08-21 13:27:59,133 [Worker-9] INFO  o.e.m.c.i.e.AbstractTransferListenerAdapter - Downloaded http://repo.maven.apache.org/maven2/org/seleniumhq/selenium/selenium-api/2.53.1/selenium-api-2.53.1.pom
2016-08-21 13:27:59,384 [Worker-9] INFO  o.e.m.c.i.e.AbstractTransferListenerAdapter - Downloading http://repo.maven.apache.org/maven2/com/google/guava/guava/19.0/guava-19.0.pom
2016-08-21 13:27:59,751 [Worker-9] INFO  o.e.m.c.i.e.AbstractTransferListenerAdapter - Downloaded http://repo.maven.apache.org/maven2/com/google/guava/guava/19.0/guava-19.0.pom
2016-08-21 13:27:59,949 [Worker-9] INFO  o.e.m.c.i.e.AbstractTransferListenerAdapter - Downloading http://repo.maven.apache.org/maven2/com/google/guava/guava-parent/19.0/guava-parent-19.0.pom
2016-08-21 13:28:00,312 [Worker-9] INFO  o.e.m.c.i.e.AbstractTransferListenerAdapter - Downloaded http://repo.maven.apache.org/maven2/com/google/guava/guava-parent/19.0/guava-parent-19.0.pom
2016-08-21 13:28:00,516 [Worker-9] INFO  o.e.m.c.i.e.AbstractTransferListenerAdapter - Downloading http://repo.maven.apache.org/maven2/org/sonatype/oss/oss-parent/7/oss-parent-7.pom
2016-08-21 13:28:00,929 [Worker-9] INFO  o.e.m.c.i.e.AbstractTransferListenerAdapter - Downloaded http://repo.maven.apache.org/maven2/org/sonatype/oss/oss-parent/7/oss-parent-7.pom
2016-08-21 13:28:01,137 [Worker-9] INFO  o.e.m.c.i.e.AbstractTransferListenerAdapter - Downloading http://repo.maven.apache.org/maven2/org/apache/httpcomponents/httpclient/4.5.1/httpclient-4.5.1.pom
2016-08-21 13:28:01,613 [Worker-9] INFO  o.e.m.c.i.e.AbstractTransferListenerAdapter - Downloaded http://repo.maven.apache.org/maven2/org/apache/httpcomponents/httpclient/4.5.1/httpclient-4.5.1.pom
2016-08-21 13:28:01,810 [Worker-9] INFO  o.e.m.c.i.e.AbstractTransferListenerAdapter - Downloading http://repo.maven.apache.org/maven2/org/apache/httpcomponents/httpcomponents-client/4.5.1/httpcomponents-client-4.5.1.pom
2016-08-21 13:28:02,283 [Worker-9] INFO  o.e.m.c.i.e.AbstractTransferListenerAdapter - Downloaded http://repo.maven.apache.org/maven2/org/apache/httpcomponents/httpcomponents-client/4.5.1/httpcomponents-client-4.5.1.pom
2016-08-21 13:28:02,480 [Worker-9] INFO  o.e.m.c.i.e.AbstractTransferListenerAdapter - Downloading http://repo.maven.apache.org/maven2/org/apache/httpcomponents/project/7/project-7.pom
2016-08-21 13:28:02,969 [Worker-9] INFO  o.e.m.c.i.e.AbstractTransferListenerAdapter - Downloaded http://repo.maven.apache.org/maven2/org/apache/httpcomponents/project/7/project-7.pom
2016-08-21 13:28:03,229 [Worker-9] INFO  o.e.m.c.i.e.AbstractTransferListenerAdapter - Downloading http://repo.maven.apache.org/maven2/org/apache/httpcomponents/httpcore/4.4.3/httpcore-4.4.3.pom
2016-08-21 13:28:03,592 [Worker-9] INFO  o.e.m.c.i.e.AbstractTransferListenerAdapter - Downloaded http://repo.maven.apache.org/maven2/org/apache/httpcomponents/httpcore/4.4.3/httpcore-4.4.3.pom
2016-08-21 13:28:03,798 [Worker-9] INFO  o.e.m.c.i.e.AbstractTransferListenerAdapter - Downloading http://repo.maven.apache.org/maven2/org/apache/httpcomponents/httpcomponents-core/4.4.3/httpcomponents-core-4.4.3.pom
2016-08-21 13:28:04,189 [Worker-9] INFO  o.e.m.c.i.e.AbstractTransferListenerAdapter - Downloaded http://repo.maven.apache.org/maven2/org/apache/httpcomponents/httpcomponents-core/4.4.3/httpcomponents-core-4.4.3.pom
2016-08-21 13:28:04,409 [Worker-9] INFO  o.e.m.c.i.e.AbstractTransferListenerAdapter - Downloading http://repo.maven.apache.org/maven2/commons-logging/commons-logging/1.2/commons-logging-1.2.pom
2016-08-21 13:28:04,828 [Worker-9] INFO  o.e.m.c.i.e.AbstractTransferListenerAdapter - Downloaded http://repo.maven.apache.org/maven2/commons-logging/commons-logging/1.2/commons-logging-1.2.pom
2016-08-21 13:28:05,026 [Worker-9] INFO  o.e.m.c.i.e.AbstractTransferListenerAdapter - Downloading http://repo.maven.apache.org/maven2/org/apache/commons/commons-parent/34/commons-parent-34.pom
2016-08-21 13:28:05,423 [Worker-9] INFO  o.e.m.c.i.e.AbstractTransferListenerAdapter - Downloaded http://repo.maven.apache.org/maven2/org/apache/commons/commons-parent/34/commons-parent-34.pom
2016-08-21 13:28:05,672 [Worker-9] INFO  o.e.m.c.i.e.AbstractTransferListenerAdapter - Downloading http://repo.maven.apache.org/maven2/commons-codec/commons-codec/1.9/commons-codec-1.9.pom
2016-08-21 13:28:06,017 [Worker-9] INFO  o.e.m.c.i.e.AbstractTransferListenerAdapter - Downloaded http://repo.maven.apache.org/maven2/commons-codec/commons-codec/1.9/commons-codec-1.9.pom
2016-08-21 13:28:06,209 [Worker-9] INFO  o.e.m.c.i.e.AbstractTransferListenerAdapter - Downloading http://repo.maven.apache.org/maven2/org/apache/commons/commons-parent/32/commons-parent-32.pom
2016-08-21 13:28:06,555 [Worker-9] INFO  o.e.m.c.i.e.AbstractTransferListenerAdapter - Downloaded http://repo.maven.apache.org/maven2/org/apache/commons/commons-parent/32/commons-parent-32.pom
2016-08-21 13:28:06,768 [Worker-9] INFO  o.e.m.c.i.e.AbstractTransferListenerAdapter - Downloading http://repo.maven.apache.org/maven2/org/apache/commons/commons-exec/1.3/commons-exec-1.3.pom
2016-08-21 13:28:07,194 [Worker-9] INFO  o.e.m.c.i.e.AbstractTransferListenerAdapter - Downloaded http://repo.maven.apache.org/maven2/org/apache/commons/commons-exec/1.3/commons-exec-1.3.pom
2016-08-21 13:28:07,542 [Worker-9] INFO  o.e.m.c.i.e.AbstractTransferListenerAdapter - Downloading http://repo.maven.apache.org/maven2/org/apache/commons/commons-parent/35/commons-parent-35.pom
2016-08-21 13:28:08,033 [Worker-9] INFO  o.e.m.c.i.e.AbstractTransferListenerAdapter - Downloaded http://repo.maven.apache.org/maven2/org/apache/commons/commons-parent/35/commons-parent-35.pom
2016-08-21 13:28:08,240 [Worker-9] INFO  o.e.m.c.i.e.AbstractTransferListenerAdapter - Downloading http://repo.maven.apache.org/maven2/org/apache/apache/15/apache-15.pom
2016-08-21 13:28:08,627 [Worker-9] INFO  o.e.m.c.i.e.AbstractTransferListenerAdapter - Downloaded http://repo.maven.apache.org/maven2/org/apache/apache/15/apache-15.pom
2016-08-21 13:28:08,883 [Worker-9] ERROR o.e.m2e.editor.pom.MavenPomEditor - failed to load maven project for org.eclipse.ui.part.FileEditorInput(/maven/pom.xml)
org.eclipse.core.runtime.CoreException: Could not read maven project
	at org.eclipse.m2e.core.internal.project.registry.ProjectRegistryManager.readProjectWithDependencies(ProjectRegistryManager.java:768) ~[na:na]
	at org.eclipse.m2e.core.internal.project.registry.ProjectRegistryManager$6.call(ProjectRegistryManager.java:956) ~[na:na]
	at org.eclipse.m2e.core.internal.project.registry.ProjectRegistryManager$6.call(ProjectRegistryManager.java:1) ~[na:na]
	at com.google.common.cache.LocalCache$LocalManualCache$1.load(LocalCache.java:4724) ~[na:na]
	at com.google.common.cache.LocalCache$LoadingValueReference.loadFuture(LocalCache.java:3522) ~[na:na]
	at com.google.common.cache.LocalCache$Segment.loadSync(LocalCache.java:2315) ~[na:na]
	at com.google.common.cache.LocalCache$Segment.lockedGetOrLoad(LocalCache.java:2278) ~[na:na]
	at com.google.common.cache.LocalCache$Segment.get(LocalCache.java:2193) ~[na:na]
	at com.google.common.cache.LocalCache.get(LocalCache.java:3932) ~[na:na]
	at com.google.common.cache.LocalCache$LocalManualCache.get(LocalCache.java:4721) ~[na:na]
	at org.eclipse.m2e.core.internal.project.registry.ProjectRegistryManager.getMavenProject(ProjectRegistryManager.java:954) ~[na:na]
	at org.eclipse.m2e.core.internal.project.registry.MavenProjectFacade.getMavenProject(MavenProjectFacade.java:242) ~[na:na]
	at org.eclipse.m2e.core.ui.internal.actions.SelectionUtil.getMavenProject(SelectionUtil.java:261) ~[org.eclipse.m2e.core.ui_1.5.1.20150109-1820.jar:na]
	at org.eclipse.m2e.editor.pom.MavenPomEditor.readMavenProject(MavenPomEditor.java:753) ~[na:na]
	at org.eclipse.m2e.editor.pom.MavenPomEditor$6.run(MavenPomEditor.java:1073) ~[na:na]
	at org.eclipse.core.internal.jobs.Worker.run(Worker.java:54) [org.eclipse.core.jobs_3.6.1.v20141014-1248.jar:na]
2016-08-25 07:14:14,797 [Worker-1] INFO  o.e.m.c.i.e.AbstractTransferListenerAdapter - Downloading http://repo.maven.apache.org/maven2/org/seleniumhq/selenium/selenium-server/2.53.1/selenium-server-2.53.1.pom
2016-08-25 07:14:15,485 [Worker-1] INFO  o.e.m.c.i.e.AbstractTransferListenerAdapter - Downloaded http://repo.maven.apache.org/maven2/org/seleniumhq/selenium/selenium-server/2.53.1/selenium-server-2.53.1.pom
2016-08-25 07:14:15,827 [Worker-1] INFO  o.e.m.c.i.e.AbstractTransferListenerAdapter - Downloading http://repo.maven.apache.org/maven2/org/seleniumhq/selenium/selenium-parent/2.53.1/selenium-parent-2.53.1.pom
2016-08-25 07:14:16,385 [Worker-1] INFO  o.e.m.c.i.e.AbstractTransferListenerAdapter - Downloaded http://repo.maven.apache.org/maven2/org/seleniumhq/selenium/selenium-parent/2.53.1/selenium-parent-2.53.1.pom
2016-08-25 07:14:16,743 [Worker-1] INFO  o.e.m.c.i.e.AbstractTransferListenerAdapter - Downloading http://repo.maven.apache.org/maven2/com/beust/jcommander/1.48/jcommander-1.48.pom
2016-08-25 07:14:17,425 [Worker-1] INFO  o.e.m.c.i.e.AbstractTransferListenerAdapter - Downloaded http://repo.maven.apache.org/maven2/com/beust/jcommander/1.48/jcommander-1.48.pom
2016-08-25 07:14:17,865 [Worker-1] INFO  o.e.m.c.i.e.AbstractTransferListenerAdapter - Downloading http://repo.maven.apache.org/maven2/org/sonatype/oss/oss-parent/3/oss-parent-3.pom
2016-08-25 07:14:18,412 [Worker-1] INFO  o.e.m.c.i.e.AbstractTransferListenerAdapter - Downloaded http://repo.maven.apache.org/maven2/org/sonatype/oss/oss-parent/3/oss-parent-3.pom
2016-08-25 07:14:18,901 [Worker-1] INFO  o.e.m.c.i.e.AbstractTransferListenerAdapter - Downloading http://repo.maven.apache.org/maven2/org/bouncycastle/bcprov-jdk15on/1.48/bcprov-jdk15on-1.48.pom
2016-08-25 07:14:19,455 [Worker-1] INFO  o.e.m.c.i.e.AbstractTransferListenerAdapter - Downloaded http://repo.maven.apache.org/maven2/org/bouncycastle/bcprov-jdk15on/1.48/bcprov-jdk15on-1.48.pom
2016-08-25 07:14:19,760 [Worker-1] INFO  o.e.m.c.i.e.AbstractTransferListenerAdapter - Downloading http://repo.maven.apache.org/maven2/org/bouncycastle/bcpkix-jdk15on/1.48/bcpkix-jdk15on-1.48.pom
2016-08-25 07:14:20,294 [Worker-1] INFO  o.e.m.c.i.e.AbstractTransferListenerAdapter - Downloaded http://repo.maven.apache.org/maven2/org/bouncycastle/bcpkix-jdk15on/1.48/bcpkix-jdk15on-1.48.pom
2016-08-25 07:14:20,605 [Worker-1] INFO  o.e.m.c.i.e.AbstractTransferListenerAdapter - Downloading http://repo.maven.apache.org/maven2/mx4j/mx4j-tools/3.0.1/mx4j-tools-3.0.1.pom
2016-08-25 07:14:21,145 [Worker-1] INFO  o.e.m.c.i.e.AbstractTransferListenerAdapter - Downloaded http://repo.maven.apache.org/maven2/mx4j/mx4j-tools/3.0.1/mx4j-tools-3.0.1.pom
2016-08-25 07:14:21,468 [Worker-1] INFO  o.e.m.c.i.e.AbstractTransferListenerAdapter - Downloading http://repo.maven.apache.org/maven2/org/seleniumhq/selenium/jetty-repacked/9.2.13.v20150730/jetty-repacked-9.2.13.v20150730.pom
2016-08-25 07:14:22,016 [Worker-1] INFO  o.e.m.c.i.e.AbstractTransferListenerAdapter - Downloaded http://repo.maven.apache.org/maven2/org/seleniumhq/selenium/jetty-repacked/9.2.13.v20150730/jetty-repacked-9.2.13.v20150730.pom
2016-08-25 07:14:22,318 [Worker-1] INFO  o.e.m.c.i.e.AbstractTransferListenerAdapter - Downloading http://repo.maven.apache.org/maven2/javax/servlet/javax.servlet-api/3.1.0/javax.servlet-api-3.1.0.pom
2016-08-25 07:14:22,849 [Worker-1] INFO  o.e.m.c.i.e.AbstractTransferListenerAdapter - Downloaded http://repo.maven.apache.org/maven2/javax/servlet/javax.servlet-api/3.1.0/javax.servlet-api-3.1.0.pom
2016-08-25 07:14:23,171 [Worker-1] INFO  o.e.m.c.i.e.AbstractTransferListenerAdapter - Downloading http://repo.maven.apache.org/maven2/net/java/jvnet-parent/3/jvnet-parent-3.pom
2016-08-25 07:14:23,780 [Worker-1] INFO  o.e.m.c.i.e.AbstractTransferListenerAdapter - Downloaded http://repo.maven.apache.org/maven2/net/java/jvnet-parent/3/jvnet-parent-3.pom
2016-08-25 07:14:24,117 [Worker-1] INFO  o.e.m.c.i.e.AbstractTransferListenerAdapter - Downloading http://repo.maven.apache.org/maven2/org/seleniumhq/selenium/jetty-rc-repacked/5/jetty-rc-repacked-5.pom
2016-08-25 07:14:24,663 [Worker-1] INFO  o.e.m.c.i.e.AbstractTransferListenerAdapter - Downloaded http://repo.maven.apache.org/maven2/org/seleniumhq/selenium/jetty-rc-repacked/5/jetty-rc-repacked-5.pom
2016-08-25 07:14:24,966 [Worker-1] INFO  o.e.m.c.i.e.AbstractTransferListenerAdapter - Downloading http://repo.maven.apache.org/maven2/net/jcip/jcip-annotations/1.0/jcip-annotations-1.0.pom
2016-08-25 07:14:25,488 [Worker-1] INFO  o.e.m.c.i.e.AbstractTransferListenerAdapter - Downloaded http://repo.maven.apache.org/maven2/net/jcip/jcip-annotations/1.0/jcip-annotations-1.0.pom
2016-08-25 07:14:25,779 [Worker-1] INFO  o.e.m.c.i.e.AbstractTransferListenerAdapter - Downloading http://repo.maven.apache.org/maven2/org/seleniumhq/selenium/selenium-java/2.53.1/selenium-java-2.53.1.pom
2016-08-25 07:14:26,331 [Worker-1] INFO  o.e.m.c.i.e.AbstractTransferListenerAdapter - Downloaded http://repo.maven.apache.org/maven2/org/seleniumhq/selenium/selenium-java/2.53.1/selenium-java-2.53.1.pom
2016-08-25 07:14:26,653 [Worker-1] INFO  o.e.m.c.i.e.AbstractTransferListenerAdapter - Downloading http://repo.maven.apache.org/maven2/org/seleniumhq/selenium/selenium-chrome-driver/2.53.1/selenium-chrome-driver-2.53.1.pom
2016-08-25 07:14:27,201 [Worker-1] INFO  o.e.m.c.i.e.AbstractTransferListenerAdapter - Downloaded http://repo.maven.apache.org/maven2/org/seleniumhq/selenium/selenium-chrome-driver/2.53.1/selenium-chrome-driver-2.53.1.pom
2016-08-25 07:14:27,514 [Worker-1] INFO  o.e.m.c.i.e.AbstractTransferListenerAdapter - Downloading http://repo.maven.apache.org/maven2/org/seleniumhq/selenium/selenium-remote-driver/2.53.1/selenium-remote-driver-2.53.1.pom
2016-08-25 07:14:28,182 [Worker-1] INFO  o.e.m.c.i.e.AbstractTransferListenerAdapter - Downloaded http://repo.maven.apache.org/maven2/org/seleniumhq/selenium/selenium-remote-driver/2.53.1/selenium-remote-driver-2.53.1.pom
2016-08-25 07:14:28,499 [Worker-1] INFO  o.e.m.c.i.e.AbstractTransferListenerAdapter - Downloading http://repo.maven.apache.org/maven2/cglib/cglib-nodep/2.1_3/cglib-nodep-2.1_3.pom
2016-08-25 07:14:29,066 [Worker-1] INFO  o.e.m.c.i.e.AbstractTransferListenerAdapter - Downloaded http://repo.maven.apache.org/maven2/cglib/cglib-nodep/2.1_3/cglib-nodep-2.1_3.pom
2016-08-25 07:14:29,364 [Worker-1] INFO  o.e.m.c.i.e.AbstractTransferListenerAdapter - Downloading http://repo.maven.apache.org/maven2/com/google/code/gson/gson/2.3.1/gson-2.3.1.pom
2016-08-25 07:14:30,001 [Worker-1] INFO  o.e.m.c.i.e.AbstractTransferListenerAdapter - Downloaded http://repo.maven.apache.org/maven2/com/google/code/gson/gson/2.3.1/gson-2.3.1.pom
2016-08-25 07:14:30,304 [Worker-1] INFO  o.e.m.c.i.e.AbstractTransferListenerAdapter - Downloading http://repo.maven.apache.org/maven2/org/sonatype/oss/oss-parent/9/oss-parent-9.pom
2016-08-25 07:14:30,848 [Worker-1] INFO  o.e.m.c.i.e.AbstractTransferListenerAdapter - Downloaded http://repo.maven.apache.org/maven2/org/sonatype/oss/oss-parent/9/oss-parent-9.pom
2016-08-25 07:14:31,170 [Worker-1] INFO  o.e.m.c.i.e.AbstractTransferListenerAdapter - Downloading http://repo.maven.apache.org/maven2/org/seleniumhq/selenium/selenium-api/2.53.1/selenium-api-2.53.1.pom
2016-08-25 07:14:31,757 [Worker-1] INFO  o.e.m.c.i.e.AbstractTransferListenerAdapter - Downloaded http://repo.maven.apache.org/maven2/org/seleniumhq/selenium/selenium-api/2.53.1/selenium-api-2.53.1.pom
2016-08-25 07:14:32,090 [Worker-1] INFO  o.e.m.c.i.e.AbstractTransferListenerAdapter - Downloading http://repo.maven.apache.org/maven2/com/google/guava/guava/19.0/guava-19.0.pom
2016-08-25 07:14:32,634 [Worker-1] INFO  o.e.m.c.i.e.AbstractTransferListenerAdapter - Downloaded http://repo.maven.apache.org/maven2/com/google/guava/guava/19.0/guava-19.0.pom
2016-08-25 07:14:32,948 [Worker-1] INFO  o.e.m.c.i.e.AbstractTransferListenerAdapter - Downloading http://repo.maven.apache.org/maven2/com/google/guava/guava-parent/19.0/guava-parent-19.0.pom
2016-08-25 07:14:33,492 [Worker-1] INFO  o.e.m.c.i.e.AbstractTransferListenerAdapter - Downloaded http://repo.maven.apache.org/maven2/com/google/guava/guava-parent/19.0/guava-parent-19.0.pom
2016-08-25 07:14:33,797 [Worker-1] INFO  o.e.m.c.i.e.AbstractTransferListenerAdapter - Downloading http://repo.maven.apache.org/maven2/org/sonatype/oss/oss-parent/7/oss-parent-7.pom
2016-08-25 07:14:34,375 [Worker-1] INFO  o.e.m.c.i.e.AbstractTransferListenerAdapter - Downloaded http://repo.maven.apache.org/maven2/org/sonatype/oss/oss-parent/7/oss-parent-7.pom
2016-08-25 07:14:34,689 [Worker-1] INFO  o.e.m.c.i.e.AbstractTransferListenerAdapter - Downloading http://repo.maven.apache.org/maven2/org/apache/httpcomponents/httpclient/4.5.1/httpclient-4.5.1.pom
2016-08-25 07:14:35,210 [Worker-1] INFO  o.e.m.c.i.e.AbstractTransferListenerAdapter - Downloaded http://repo.maven.apache.org/maven2/org/apache/httpcomponents/httpclient/4.5.1/httpclient-4.5.1.pom
2016-08-25 07:14:35,521 [Worker-1] INFO  o.e.m.c.i.e.AbstractTransferListenerAdapter - Downloading http://repo.maven.apache.org/maven2/org/apache/httpcomponents/httpcomponents-client/4.5.1/httpcomponents-client-4.5.1.pom
2016-08-25 07:14:36,103 [Worker-1] INFO  o.e.m.c.i.e.AbstractTransferListenerAdapter - Downloaded http://repo.maven.apache.org/maven2/org/apache/httpcomponents/httpcomponents-client/4.5.1/httpcomponents-client-4.5.1.pom
2016-08-25 07:14:36,393 [Worker-1] INFO  o.e.m.c.i.e.AbstractTransferListenerAdapter - Downloading http://repo.maven.apache.org/maven2/org/apache/httpcomponents/project/7/project-7.pom
2016-08-25 07:14:36,993 [Worker-1] INFO  o.e.m.c.i.e.AbstractTransferListenerAdapter - Downloaded http://repo.maven.apache.org/maven2/org/apache/httpcomponents/project/7/project-7.pom
2016-08-25 07:14:37,416 [Worker-1] INFO  o.e.m.c.i.e.AbstractTransferListenerAdapter - Downloading http://repo.maven.apache.org/maven2/org/apache/httpcomponents/httpcore/4.4.3/httpcore-4.4.3.pom
2016-08-25 07:14:37,962 [Worker-1] INFO  o.e.m.c.i.e.AbstractTransferListenerAdapter - Downloaded http://repo.maven.apache.org/maven2/org/apache/httpcomponents/httpcore/4.4.3/httpcore-4.4.3.pom
2016-08-25 07:14:38,289 [Worker-1] INFO  o.e.m.c.i.e.AbstractTransferListenerAdapter - Downloading http://repo.maven.apache.org/maven2/org/apache/httpcomponents/httpcomponents-core/4.4.3/httpcomponents-core-4.4.3.pom
2016-08-25 07:14:38,884 [Worker-1] INFO  o.e.m.c.i.e.AbstractTransferListenerAdapter - Downloaded http://repo.maven.apache.org/maven2/org/apache/httpcomponents/httpcomponents-core/4.4.3/httpcomponents-core-4.4.3.pom
2016-08-25 07:14:39,201 [Worker-1] INFO  o.e.m.c.i.e.AbstractTransferListenerAdapter - Downloading http://repo.maven.apache.org/maven2/commons-logging/commons-logging/1.2/commons-logging-1.2.pom
2016-08-25 07:14:39,787 [Worker-1] INFO  o.e.m.c.i.e.AbstractTransferListenerAdapter - Downloaded http://repo.maven.apache.org/maven2/commons-logging/commons-logging/1.2/commons-logging-1.2.pom
2016-08-25 07:14:40,097 [Worker-1] INFO  o.e.m.c.i.e.AbstractTransferListenerAdapter - Downloading http://repo.maven.apache.org/maven2/org/apache/commons/commons-parent/34/commons-parent-34.pom
2016-08-25 07:14:40,673 [Worker-1] INFO  o.e.m.c.i.e.AbstractTransferListenerAdapter - Downloaded http://repo.maven.apache.org/maven2/org/apache/commons/commons-parent/34/commons-parent-34.pom
2016-08-25 07:14:41,039 [Worker-1] INFO  o.e.m.c.i.e.AbstractTransferListenerAdapter - Downloading http://repo.maven.apache.org/maven2/commons-codec/commons-codec/1.9/commons-codec-1.9.pom
2016-08-25 07:14:41,607 [Worker-1] INFO  o.e.m.c.i.e.AbstractTransferListenerAdapter - Downloaded http://repo.maven.apache.org/maven2/commons-codec/commons-codec/1.9/commons-codec-1.9.pom
2016-08-25 07:14:41,906 [Worker-1] INFO  o.e.m.c.i.e.AbstractTransferListenerAdapter - Downloading http://repo.maven.apache.org/maven2/org/apache/commons/commons-parent/32/commons-parent-32.pom
2016-08-25 07:14:42,587 [Worker-1] INFO  o.e.m.c.i.e.AbstractTransferListenerAdapter - Downloaded http://repo.maven.apache.org/maven2/org/apache/commons/commons-parent/32/commons-parent-32.pom
2016-08-25 07:14:43,164 [Worker-1] INFO  o.e.m.c.i.e.AbstractTransferListenerAdapter - Downloading http://repo.maven.apache.org/maven2/org/apache/commons/commons-exec/1.3/commons-exec-1.3.pom
2016-08-25 07:14:43,751 [Worker-1] INFO  o.e.m.c.i.e.AbstractTransferListenerAdapter - Downloaded http://repo.maven.apache.org/maven2/org/apache/commons/commons-exec/1.3/commons-exec-1.3.pom
2016-08-25 07:14:44,339 [Worker-1] INFO  o.e.m.c.i.e.AbstractTransferListenerAdapter - Downloading http://repo.maven.apache.org/maven2/org/apache/commons/commons-parent/35/commons-parent-35.pom
2016-08-25 07:14:45,005 [Worker-1] INFO  o.e.m.c.i.e.AbstractTransferListenerAdapter - Downloaded http://repo.maven.apache.org/maven2/org/apache/commons/commons-parent/35/commons-parent-35.pom
2016-08-25 07:14:45,651 [Worker-1] INFO  o.e.m.c.i.e.AbstractTransferListenerAdapter - Downloading http://repo.maven.apache.org/maven2/org/apache/apache/15/apache-15.pom
2016-08-25 07:14:46,185 [Worker-1] INFO  o.e.m.c.i.e.AbstractTransferListenerAdapter - Downloaded http://repo.maven.apache.org/maven2/org/apache/apache/15/apache-15.pom
2016-08-25 07:14:46,533 [Worker-1] ERROR o.e.m2e.editor.pom.MavenPomEditor - failed to load maven project for org.eclipse.ui.part.FileEditorInput(/OrgHRM/pom.xml)
org.eclipse.core.runtime.CoreException: Could not read maven project
	at org.eclipse.m2e.core.internal.project.registry.ProjectRegistryManager.readProjectWithDependencies(ProjectRegistryManager.java:768) ~[na:na]
	at org.eclipse.m2e.core.internal.project.registry.ProjectRegistryManager$6.call(ProjectRegistryManager.java:956) ~[na:na]
	at org.eclipse.m2e.core.internal.project.registry.ProjectRegistryManager$6.call(ProjectRegistryManager.java:1) ~[na:na]
	at com.google.common.cache.LocalCache$LocalManualCache$1.load(LocalCache.java:4724) ~[na:na]
	at com.google.common.cache.LocalCache$LoadingValueReference.loadFuture(LocalCache.java:3522) ~[na:na]
	at com.google.common.cache.LocalCache$Segment.loadSync(LocalCache.java:2315) ~[na:na]
	at com.google.common.cache.LocalCache$Segment.lockedGetOrLoad(LocalCache.java:2278) ~[na:na]
	at com.google.common.cache.LocalCache$Segment.get(LocalCache.java:2193) ~[na:na]
	at com.google.common.cache.LocalCache.get(LocalCache.java:3932) ~[na:na]
	at com.google.common.cache.LocalCache$LocalManualCache.get(LocalCache.java:4721) ~[na:na]
	at org.eclipse.m2e.core.internal.project.registry.ProjectRegistryManager.getMavenProject(ProjectRegistryManager.java:954) ~[na:na]
	at org.eclipse.m2e.core.internal.project.registry.MavenProjectFacade.getMavenProject(MavenProjectFacade.java:242) ~[na:na]
	at org.eclipse.m2e.core.ui.internal.actions.SelectionUtil.getMavenProject(SelectionUtil.java:261) ~[org.eclipse.m2e.core.ui_1.5.1.20150109-1820.jar:na]
	at org.eclipse.m2e.editor.pom.MavenPomEditor.readMavenProject(MavenPomEditor.java:753) ~[na:na]
	at org.eclipse.m2e.editor.pom.MavenPomEditor$6.run(MavenPomEditor.java:1073) ~[na:na]
	at org.eclipse.core.internal.jobs.Worker.run(Worker.java:54) [org.eclipse.core.jobs_3.6.1.v20141014-1248.jar:na]
